<?xml version="1.0" encoding="UTF-8"?>
<testsuite xmlns:xsi="http://www.w3.org/2001/XMLSchema-instance" xsi:noNamespaceSchemaLocation="https://maven.apache.org/surefire/maven-surefire-plugin/xsd/surefire-test-report-3.0.xsd" version="3.0" name="com.example.QuickSortTest" time="0.049" tests="7" errors="0" skipped="0" failures="0">
  <properties>
[...]
</properties>
  <testcase name="testEmptyArray" classname="com.example.QuickSortTest" time="0.017"/>
  <testcase name="testArrayWithDuplicates" classname="com.example.QuickSortTest" time="0.001"/>
  <testcase name="testReverseSortedArray" classname="com.example.QuickSortTest" time="0.001"/>
  <testcase name="testUnsortedArray" classname="com.example.QuickSortTest" time="0.001"/>
  <testcase name="testSortedArray" classname="com.example.QuickSortTest" time="0.001"/>
  <testcase name="testSingleElementArray" classname="com.example.QuickSortTest" time="0.001"/>
  <testcase name="testQuickSort" classname="com.example.QuickSortTest" time="0.001">
    <system-out><![CDATA[Execution Time for QuickSort (size 10000): 1.3583 ms
]]></system-out>
  </testcase>
</testsuite>